<?xml version="1.0" encoding="UTF-8" ?>
<testsuite tests="11" failures="0" name="dao.TelaEmprestimoTest" time="0.418" errors="0" skipped="0">
  <properties>
[...]
</properties>
  <testcase classname="dao.TelaEmprestimoTest" name="testEmprestimoReadForIncorreto" time="0.09"/>
  <testcase classname="dao.TelaEmprestimoTest" name="testEmprestimoDadosDoPrimeiroInsertCorretos" time="0.026"/>
  <testcase classname="dao.TelaEmprestimoTest" name="testRestricao" time="0.057"/>
  <testcase classname="dao.TelaEmprestimoTest" name="testLivrosQuantidadeDeLivrosCadastradosCorreta" time="0.026"/>
  <testcase classname="dao.TelaEmprestimoTest" name="testEmprestimoReadForCorreto" time="0.028"/>
  <testcase classname="dao.TelaEmprestimoTest" name="testEmprestimoDadosDoPrimeiroInsertIncorretos" time="0.025"/>
  <testcase classname="dao.TelaEmprestimoTest" name="testEmprestimoDadosDoSegundoInsertCorretos" time="0.027"/>
  <testcase classname="dao.TelaEmprestimoTest" name="testEmprestimoDeleteIncorreto" time="0.044"/>
  <testcase classname="dao.TelaEmprestimoTest" name="testEmprestimoDeleteCorreto" time="0.033"/>
  <testcase classname="dao.TelaEmprestimoTest" name="testEmprestimoDataInvalida" time="0.039"/>
  <testcase classname="dao.TelaEmprestimoTest" name="testEmprestimoDadosDoSegundoInsertIncorretos" time="0.023"/>
</testsuite>