<?xml version="1.0" encoding="UTF-8" ?>
<testsuite tests="11" failures="0" name="dao.TelaLivroTest" time="0.187" errors="0" skipped="0">
  <properties>
[...]
</properties>
  <testcase classname="dao.TelaLivroTest" name="testLivrosDadosDoPrimeiroInsertIncorretos" time="0.021"/>
  <testcase classname="dao.TelaLivroTest" name="testLivrosUnidadesInvalidas" time="0.02"/>
  <testcase classname="dao.TelaLivroTest" name="testLivrosDadosDoSegundoInsertIncorretos" time="0.017"/>
  <testcase classname="dao.TelaLivroTest" name="testLivrosDeleteIncorreto" time="0.016"/>
  <testcase classname="dao.TelaLivroTest" name="testLivrosDadosDoPrimeiroInsertCorretos" time="0.017"/>
  <testcase classname="dao.TelaLivroTest" name="testLivrosQuantidadeDeLivrosCadastradosCorreta" time="0.016"/>
  <testcase classname="dao.TelaLivroTest" name="testLivrosDadosDoSegundoInsertCorretos" time="0.019"/>
  <testcase classname="dao.TelaLivroTest" name="testLivrosAnoInvalido" time="0.014"/>
  <testcase classname="dao.TelaLivroTest" name="testLivrosSelectFromIncorreto" time="0.013"/>
  <testcase classname="dao.TelaLivroTest" name="testLivrosDeleteCorreto" time="0.019"/>
  <testcase classname="dao.TelaLivroTest" name="testLivrosSelectFromCorreto" time="0.015"/>
</testsuite>